<?xml version="1.0" encoding="UTF-8"?>
<testng-results ignored="0" total="1" passed="1" failed="0" skipped="0">
  <reporter-output>
  </reporter-output>
  <suite started-at="2020-04-12T11:19:07 IST" name="Suite" finished-at="2020-04-12T11:19:18 IST" duration-ms="11189">
    <groups>
    </groups>
    <test started-at="2020-04-12T11:19:07 IST" name="Test" finished-at="2020-04-12T11:19:18 IST" duration-ms="11189">
      <class name="selmav.AptitimeTest">
        <test-method signature="login()[pri:0, instance:selmav.AptitimeTest@2357d90a]" started-at="2020-04-12T11:19:07 IST" name="login" finished-at="2020-04-12T11:19:18 IST" duration-ms="11144" status="PASS">
          <reporter-output>
          </reporter-output>
        </test-method> <!-- login -->
      </class> <!-- selmav.AptitimeTest -->
    </test> <!-- Test -->
  </suite> <!-- Suite -->
</testng-results>
