<?xml version="1.0" encoding="UTF-8"?>
<!-- Generated by org.testng.reporters.JUnitXMLReporter -->
<testsuite ignored="0" hostname="DESKTOP-H59I35M" failures="0" tests="3" name="Surefire test" time="0.076" errors="0" timestamp="2020-03-31T19:55:55 IST">
  <testcase classname="selmav.APITest" name="apiTest" time="0.006"/>
  <testcase classname="selmav.SeleniumTest" name="seleniumTest" time="0.0"/>
  <testcase classname="selmav.TestRestAPI" name="testRestAPI" time="0.0"/>
</testsuite> <!-- Surefire test -->
