<?xml version="1.0" encoding="UTF-8"?>
<testng-results total="1" passed="1" failed="0" skipped="0">
  <reporter-output>
  </reporter-output>
  <suite started-at="2020-04-12T12:59:06Z" name="Default suite" finished-at="2020-04-12T12:59:54Z" duration-ms="47829">
    <groups>
    </groups>
    <test started-at="2020-04-12T12:59:06Z" name="Default test" finished-at="2020-04-12T12:59:54Z" duration-ms="47829">
      <class name="selmav.AmazonTest">
        <test-method signature="testAmazon()[pri:0, instance:selmav.AmazonTest@3d299e3]" started-at="2020-04-12T18:29:06Z" name="testAmazon" finished-at="2020-04-12T18:29:54Z" duration-ms="47798" status="PASS">
          <reporter-output>
          </reporter-output>
        </test-method> <!-- testAmazon -->
      </class> <!-- selmav.AmazonTest -->
    </test> <!-- Default test -->
  </suite> <!-- Default suite -->
</testng-results>
